{"C:\\Users\\Pietro\\Documents\\UniFio\\2026\\PI\\node-1\\src\\config\\file:\\C:\\Users\\Pietro\\Documents\\UniFio\\2026\\PI\\node-1\\src\\config\\database.ts": {"path":"C:\\Users\\Pietro\\Documents\\UniFio\\2026\\PI\\node-1\\src\\config\\file:\\C:\\Users\\Pietro\\Documents\\UniFio\\2026\\PI\\node-1\\src\\config\\database.ts","statementMap":{"0":{"start":{"line":1,"column":0},"end":{"line":1,"column":38}},"1":{"start":{"line":4,"column":18},"end":{"line":8,"column":2}},"2":{"start":{"line":10,"column":0},"end":{"line":10,"column":25}}},"fnMap":{},"branchMap":{},"s":{"0":1,"1":1,"2":1},"f":{},"b":{}}
,"C:\\Users\\Pietro\\Documents\\UniFio\\2026\\PI\\node-1\\src\\controllers\\file:\\C:\\Users\\Pietro\\Documents\\UniFio\\2026\\PI\\node-1\\src\\controllers\\produto.controller.ts": {"path":"C:\\Users\\Pietro\\Documents\\UniFio\\2026\\PI\\node-1\\src\\controllers\\file:\\C:\\Users\\Pietro\\Documents\\UniFio\\2026\\PI\\node-1\\src\\controllers\\produto.controller.ts","statementMap":{"0":{"start":{"line":2,"column":0},"end":{"line":2,"column":50}},"1":{"start":{"line":4,"column":22},"end":{"line":7,"column":1}},"2":{"start":{"line":5,"column":21},"end":{"line":5,"column":43}},"3":{"start":{"line":6,"column":4},"end":{"line":6,"column":35}},"4":{"start":{"line":4,"column":13},"end":{"line":4,"column":22}},"5":{"start":{"line":9,"column":27},"end":{"line":18,"column":1}},"6":{"start":{"line":10,"column":15},"end":{"line":10,"column":38}},"7":{"start":{"line":11,"column":20},"end":{"line":11,"column":49}},"8":{"start":{"line":13,"column":4},"end":{"line":15,"column":5}},"9":{"start":{"line":14,"column":8},"end":{"line":14,"column":76}},"10":{"start":{"line":17,"column":4},"end":{"line":17,"column":34}},"11":{"start":{"line":9,"column":13},"end":{"line":9,"column":27}},"12":{"start":{"line":20,"column":21},"end":{"line":27,"column":1}},"13":{"start":{"line":21,"column":4},"end":{"line":26,"column":5}},"14":{"start":{"line":22,"column":24},"end":{"line":22,"column":53}},"15":{"start":{"line":23,"column":8},"end":{"line":23,"column":38}},"16":{"start":{"line":25,"column":8},"end":{"line":25,"column":58}},"17":{"start":{"line":20,"column":13},"end":{"line":20,"column":21}},"18":{"start":{"line":29,"column":25},"end":{"line":36,"column":1}},"19":{"start":{"line":30,"column":4},"end":{"line":35,"column":5}},"20":{"start":{"line":31,"column":25},"end":{"line":31,"column":58}},"21":{"start":{"line":32,"column":8},"end":{"line":32,"column":39}},"22":{"start":{"line":34,"column":8},"end":{"line":34,"column":58}},"23":{"start":{"line":29,"column":13},"end":{"line":29,"column":25}},"24":{"start":{"line":38,"column":25},"end":{"line":51,"column":1}},"25":{"start":{"line":39,"column":4},"end":{"line":50,"column":5}},"26":{"start":{"line":40,"column":19},"end":{"line":40,"column":42}},"27":{"start":{"line":41,"column":24},"end":{"line":41,"column":61}},"28":{"start":{"line":43,"column":8},"end":{"line":45,"column":9}},"29":{"start":{"line":44,"column":12},"end":{"line":44,"column":80}},"30":{"start":{"line":47,"column":8},"end":{"line":47,"column":38}},"31":{"start":{"line":49,"column":8},"end":{"line":49,"column":58}},"32":{"start":{"line":38,"column":13},"end":{"line":38,"column":25}},"33":{"start":{"line":53,"column":23},"end":{"line":62,"column":1}},"34":{"start":{"line":54,"column":15},"end":{"line":54,"column":38}},"35":{"start":{"line":55,"column":20},"end":{"line":55,"column":45}},"36":{"start":{"line":57,"column":4},"end":{"line":59,"column":5}},"37":{"start":{"line":58,"column":8},"end":{"line":58,"column":76}},"38":{"start":{"line":61,"column":4},"end":{"line":61,"column":27}},"39":{"start":{"line":53,"column":13},"end":{"line":53,"column":23}}},"fnMap":{"0":{"name":"(anonymous_1)","decl":{"start":{"line":4,"column":22},"end":{"line":4,"column":27}},"loc":{"start":{"line":4,"column":60},"end":{"line":7,"column":1}}},"1":{"name":"(anonymous_2)","decl":{"start":{"line":9,"column":27},"end":{"line":9,"column":32}},"loc":{"start":{"line":9,"column":65},"end":{"line":18,"column":1}}},"2":{"name":"(anonymous_3)","decl":{"start":{"line":20,"column":21},"end":{"line":20,"column":26}},"loc":{"start":{"line":20,"column":59},"end":{"line":27,"column":1}}},"3":{"name":"(anonymous_4)","decl":{"start":{"line":29,"column":25},"end":{"line":29,"column":30}},"loc":{"start":{"line":29,"column":63},"end":{"line":36,"column":1}}},"4":{"name":"(anonymous_5)","decl":{"start":{"line":38,"column":25},"end":{"line":38,"column":30}},"loc":{"start":{"line":38,"column":63},"end":{"line":51,"column":1}}},"5":{"name":"(anonymous_6)","decl":{"start":{"line":53,"column":23},"end":{"line":53,"column":28}},"loc":{"start":{"line":53,"column":61},"end":{"line":62,"column":1}}}},"branchMap":{"0":{"loc":{"start":{"line":13,"column":4},"end":{"line":15,"column":5}},"type":"if","locations":[{"start":{"line":13,"column":4},"end":{"line":15,"column":5}},{"start":{},"end":{}}]},"1":{"loc":{"start":{"line":43,"column":8},"end":{"line":45,"column":9}},"type":"if","locations":[{"start":{"line":43,"column":8},"end":{"line":45,"column":9}},{"start":{},"end":{}}]},"2":{"loc":{"start":{"line":57,"column":4},"end":{"line":59,"column":5}},"type":"if","locations":[{"start":{"line":57,"column":4},"end":{"line":59,"column":5}},{"start":{},"end":{}}]}},"s":{"0":1,"1":1,"2":1,"3":1,"4":1,"5":1,"6":2,"7":2,"8":2,"9":1,"10":1,"11":1,"12":1,"13":2,"14":2,"15":1,"16":1,"17":1,"18":1,"19":2,"20":2,"21":1,"22":1,"23":1,"24":1,"25":2,"26":2,"27":2,"28":2,"29":1,"30":1,"31":0,"32":1,"33":1,"34":2,"35":2,"36":2,"37":1,"38":1,"39":1},"f":{"0":1,"1":2,"2":2,"3":2,"4":2,"5":2},"b":{"0":[1,1],"1":[1,1],"2":[1,1]}}
,"C:\\Users\\Pietro\\Documents\\UniFio\\2026\\PI\\node-1\\src\\file:\\C:\\Users\\Pietro\\Documents\\UniFio\\2026\\PI\\node-1\\src\\app.ts": {"path":"C:\\Users\\Pietro\\Documents\\UniFio\\2026\\PI\\node-1\\src\\file:\\C:\\Users\\Pietro\\Documents\\UniFio\\2026\\PI\\node-1\\src\\app.ts","statementMap":{"0":{"start":{"line":1,"column":0},"end":{"line":1,"column":30}},"1":{"start":{"line":2,"column":0},"end":{"line":2,"column":52}},"2":{"start":{"line":5,"column":12},"end":{"line":5,"column":21}},"3":{"start":{"line":7,"column":0},"end":{"line":7,"column":24}},"4":{"start":{"line":8,"column":0},"end":{"line":8,"column":36}},"5":{"start":{"line":10,"column":0},"end":{"line":10,"column":19}}},"fnMap":{},"branchMap":{},"s":{"0":1,"1":1,"2":1,"3":1,"4":1,"5":1},"f":{},"b":{}}
,"C:\\Users\\Pietro\\Documents\\UniFio\\2026\\PI\\node-1\\src\\models\\file:\\C:\\Users\\Pietro\\Documents\\UniFio\\2026\\PI\\node-1\\src\\models\\produto.model.ts": {"path":"C:\\Users\\Pietro\\Documents\\UniFio\\2026\\PI\\node-1\\src\\models\\file:\\C:\\Users\\Pietro\\Documents\\UniFio\\2026\\PI\\node-1\\src\\models\\produto.model.ts","statementMap":{"0":{"start":{"line":1,"column":0},"end":{"line":1,"column":45}},"1":{"start":{"line":2,"column":0},"end":{"line":2,"column":43}},"2":{"start":{"line":16,"column":8},"end":{"line":16,"column":32}},"3":{"start":{"line":20,"column":0},"end":{"line":42,"column":2}},"4":{"start":{"line":44,"column":0},"end":{"line":44,"column":23}}},"fnMap":{"0":{"name":"(anonymous_1)","decl":{"start":{"line":15,"column":11},"end":{"line":15,"column":25}},"loc":{"start":{"line":15,"column":25},"end":{"line":17,"column":5}}}},"branchMap":{},"s":{"0":1,"1":1,"2":0,"3":1,"4":1},"f":{"0":0},"b":{}}
,"C:\\Users\\Pietro\\Documents\\UniFio\\2026\\PI\\node-1\\src\\routes\\file:\\C:\\Users\\Pietro\\Documents\\UniFio\\2026\\PI\\node-1\\src\\routes\\produto.routes.ts": {"path":"C:\\Users\\Pietro\\Documents\\UniFio\\2026\\PI\\node-1\\src\\routes\\file:\\C:\\Users\\Pietro\\Documents\\UniFio\\2026\\PI\\node-1\\src\\routes\\produto.routes.ts","statementMap":{"0":{"start":{"line":1,"column":0},"end":{"line":1,"column":33}},"1":{"start":{"line":2,"column":0},"end":{"line":2,"column":64}},"2":{"start":{"line":4,"column":15},"end":{"line":4,"column":23}},"3":{"start":{"line":6,"column":0},"end":{"line":6,"column":35}},"4":{"start":{"line":7,"column":0},"end":{"line":7,"column":43}},"5":{"start":{"line":8,"column":0},"end":{"line":8,"column":43}},"6":{"start":{"line":9,"column":0},"end":{"line":9,"column":35}},"7":{"start":{"line":10,"column":0},"end":{"line":10,"column":41}},"8":{"start":{"line":11,"column":0},"end":{"line":11,"column":42}},"9":{"start":{"line":13,"column":0},"end":{"line":13,"column":22}}},"fnMap":{},"branchMap":{},"s":{"0":1,"1":1,"2":1,"3":1,"4":1,"5":1,"6":1,"7":1,"8":1,"9":1},"f":{},"b":{}}
,"C:\\Users\\Pietro\\Documents\\UniFio\\2026\\PI\\node-1\\src\\services\\file:\\C:\\Users\\Pietro\\Documents\\UniFio\\2026\\PI\\node-1\\src\\services\\produto.service.ts": {"path":"C:\\Users\\Pietro\\Documents\\UniFio\\2026\\PI\\node-1\\src\\services\\file:\\C:\\Users\\Pietro\\Documents\\UniFio\\2026\\PI\\node-1\\src\\services\\produto.service.ts","statementMap":{"0":{"start":{"line":1,"column":0},"end":{"line":1,"column":64}},"1":{"start":{"line":4,"column":21},"end":{"line":4,"column":44}},"2":{"start":{"line":5,"column":4},"end":{"line":5,"column":20}},"3":{"start":{"line":9,"column":4},"end":{"line":9,"column":46}},"4":{"start":{"line":13,"column":4},"end":{"line":15,"column":5}},"5":{"start":{"line":14,"column":8},"end":{"line":14,"column":57}},"6":{"start":{"line":17,"column":20},"end":{"line":20,"column":6}},"7":{"start":{"line":22,"column":4},"end":{"line":22,"column":19}},"8":{"start":{"line":26,"column":4},"end":{"line":28,"column":5}},"9":{"start":{"line":27,"column":8},"end":{"line":27,"column":79}},"10":{"start":{"line":31,"column":21},"end":{"line":31,"column":66}},"11":{"start":{"line":32,"column":4},"end":{"line":32,"column":20}},"12":{"start":{"line":36,"column":20},"end":{"line":36,"column":54}},"13":{"start":{"line":38,"column":4},"end":{"line":38,"column":30}},"14":{"start":{"line":38,"column":18},"end":{"line":38,"column":30}},"15":{"start":{"line":40,"column":4},"end":{"line":40,"column":32}},"16":{"start":{"line":41,"column":4},"end":{"line":41,"column":19}},"17":{"start":{"line":45,"column":20},"end":{"line":45,"column":54}},"18":{"start":{"line":47,"column":4},"end":{"line":47,"column":31}},"19":{"start":{"line":47,"column":18},"end":{"line":47,"column":31}},"20":{"start":{"line":49,"column":4},"end":{"line":49,"column":28}},"21":{"start":{"line":50,"column":4},"end":{"line":50,"column":16}},"22":{"start":{"line":53,"column":0},"end":{"line":60,"column":2}}},"fnMap":{"0":{"name":"listar","decl":{"start":{"line":3,"column":15},"end":{"line":3,"column":21}},"loc":{"start":{"line":3,"column":21},"end":{"line":6,"column":1}}},"1":{"name":"buscarPorId","decl":{"start":{"line":8,"column":15},"end":{"line":8,"column":26}},"loc":{"start":{"line":8,"column":37},"end":{"line":10,"column":1}}},"2":{"name":"criar","decl":{"start":{"line":12,"column":15},"end":{"line":12,"column":20}},"loc":{"start":{"line":12,"column":40},"end":{"line":23,"column":1}}},"3":{"name":"criarLote","decl":{"start":{"line":25,"column":15},"end":{"line":25,"column":24}},"loc":{"start":{"line":25,"column":51},"end":{"line":33,"column":1}}},"4":{"name":"atualizar","decl":{"start":{"line":35,"column":15},"end":{"line":35,"column":24}},"loc":{"start":{"line":35,"column":65},"end":{"line":42,"column":1}}},"5":{"name":"remover","decl":{"start":{"line":44,"column":15},"end":{"line":44,"column":22}},"loc":{"start":{"line":44,"column":33},"end":{"line":51,"column":1}}}},"branchMap":{"0":{"loc":{"start":{"line":13,"column":4},"end":{"line":15,"column":5}},"type":"if","locations":[{"start":{"line":13,"column":4},"end":{"line":15,"column":5}},{"start":{},"end":{}}]},"1":{"loc":{"start":{"line":13,"column":8},"end":{"line":13,"column":42}},"type":"binary-expr","locations":[{"start":{"line":13,"column":8},"end":{"line":13,"column":19}},{"start":{"line":13,"column":23},"end":{"line":13,"column":42}}]},"2":{"loc":{"start":{"line":26,"column":4},"end":{"line":28,"column":5}},"type":"if","locations":[{"start":{"line":26,"column":4},"end":{"line":28,"column":5}},{"start":{},"end":{}}]},"3":{"loc":{"start":{"line":26,"column":8},"end":{"line":26,"column":61}},"type":"binary-expr","locations":[{"start":{"line":26,"column":8},"end":{"line":26,"column":34}},{"start":{"line":26,"column":38},"end":{"line":26,"column":61}}]},"4":{"loc":{"start":{"line":38,"column":4},"end":{"line":38,"column":30}},"type":"if","locations":[{"start":{"line":38,"column":4},"end":{"line":38,"column":30}},{"start":{},"end":{}}]},"5":{"loc":{"start":{"line":47,"column":4},"end":{"line":47,"column":31}},"type":"if","locations":[{"start":{"line":47,"column":4},"end":{"line":47,"column":31}},{"start":{},"end":{}}]}},"s":{"0":1,"1":1,"2":1,"3":2,"4":2,"5":1,"6":1,"7":1,"8":2,"9":1,"10":1,"11":1,"12":2,"13":2,"14":1,"15":1,"16":1,"17":2,"18":2,"19":1,"20":1,"21":1,"22":1},"f":{"0":1,"1":2,"2":2,"3":2,"4":2,"5":2},"b":{"0":[1,1],"1":[2,1],"2":[1,1],"3":[2,1],"4":[1,1],"5":[1,1]}}
}
